Start testing: May 12 20:23 EEST
----------------------------------------------------------
1/12 Testing: test_array
1/12 Test: test_array
Command: "/home/rauli/project/plorth/parser/build/test/test_array"
Directory: /home/rauli/project/plorth/parser/build/test
"test_array" start time: May 12 20:23 EEST
Output:
----------------------------------------------------------
<end of output>
Test time =   0.00 sec
----------------------------------------------------------
Test Passed.
"test_array" end time: May 12 20:23 EEST
"test_array" time elapsed: 00:00:00
----------------------------------------------------------

2/12 Testing: test_escape_sequence
2/12 Test: test_escape_sequence
Command: "/home/rauli/project/plorth/parser/build/test/test_escape_sequence"
Directory: /home/rauli/project/plorth/parser/build/test
"test_escape_sequence" start time: May 12 20:23 EEST
Output:
----------------------------------------------------------
<end of output>
Test time =   0.00 sec
----------------------------------------------------------
Test Passed.
"test_escape_sequence" end time: May 12 20:23 EEST
"test_escape_sequence" time elapsed: 00:00:00
----------------------------------------------------------

3/12 Testing: test_hello_world
3/12 Test: test_hello_world
Command: "/home/rauli/project/plorth/parser/build/test/test_hello_world"
Directory: /home/rauli/project/plorth/parser/build/test
"test_hello_world" start time: May 12 20:23 EEST
Output:
----------------------------------------------------------
<end of output>
Test time =   0.00 sec
----------------------------------------------------------
Test Passed.
"test_hello_world" end time: May 12 20:23 EEST
"test_hello_world" time elapsed: 00:00:00
----------------------------------------------------------

4/12 Testing: test_object
4/12 Test: test_object
Command: "/home/rauli/project/plorth/parser/build/test/test_object"
Directory: /home/rauli/project/plorth/parser/build/test
"test_object" start time: May 12 20:23 EEST
Output:
----------------------------------------------------------
<end of output>
Test time =   0.00 sec
----------------------------------------------------------
Test Passed.
"test_object" end time: May 12 20:23 EEST
"test_object" time elapsed: 00:00:00
----------------------------------------------------------

5/12 Testing: test_parse
5/12 Test: test_parse
Command: "/home/rauli/project/plorth/parser/build/test/test_parse"
Directory: /home/rauli/project/plorth/parser/build/test
"test_parse" start time: May 12 20:23 EEST
Output:
----------------------------------------------------------
<end of output>
Test time =   0.00 sec
----------------------------------------------------------
Test Passed.
"test_parse" end time: May 12 20:23 EEST
"test_parse" time elapsed: 00:00:00
----------------------------------------------------------

6/12 Testing: test_quote
6/12 Test: test_quote
Command: "/home/rauli/project/plorth/parser/build/test/test_quote"
Directory: /home/rauli/project/plorth/parser/build/test
"test_quote" start time: May 12 20:23 EEST
Output:
----------------------------------------------------------
<end of output>
Test time =   0.00 sec
----------------------------------------------------------
Test Passed.
"test_quote" end time: May 12 20:23 EEST
"test_quote" time elapsed: 00:00:00
----------------------------------------------------------

7/12 Testing: test_string
7/12 Test: test_string
Command: "/home/rauli/project/plorth/parser/build/test/test_string"
Directory: /home/rauli/project/plorth/parser/build/test
"test_string" start time: May 12 20:23 EEST
Output:
----------------------------------------------------------
<end of output>
Test time =   0.00 sec
----------------------------------------------------------
Test Passed.
"test_string" end time: May 12 20:23 EEST
"test_string" time elapsed: 00:00:00
----------------------------------------------------------

8/12 Testing: test_symbol
8/12 Test: test_symbol
Command: "/home/rauli/project/plorth/parser/build/test/test_symbol"
Directory: /home/rauli/project/plorth/parser/build/test
"test_symbol" start time: May 12 20:23 EEST
Output:
----------------------------------------------------------
<end of output>
Test time =   0.00 sec
----------------------------------------------------------
Test Passed.
"test_symbol" end time: May 12 20:23 EEST
"test_symbol" time elapsed: 00:00:00
----------------------------------------------------------

9/12 Testing: test_token
9/12 Test: test_token
Command: "/home/rauli/project/plorth/parser/build/test/test_token"
Directory: /home/rauli/project/plorth/parser/build/test
"test_token" start time: May 12 20:23 EEST
Output:
----------------------------------------------------------
test_token: /home/rauli/project/plorth/parser/test/test_token.cpp:69: void test_word(): Assertion `!!result' failed.
<end of output>
Test time =   0.11 sec
----------------------------------------------------------
Test Failed.
"test_token" end time: May 12 20:23 EEST
"test_token" time elapsed: 00:00:00
----------------------------------------------------------

10/12 Testing: test_utils
10/12 Test: test_utils
Command: "/home/rauli/project/plorth/parser/build/test/test_utils"
Directory: /home/rauli/project/plorth/parser/build/test
"test_utils" start time: May 12 20:23 EEST
Output:
----------------------------------------------------------
test_utils: /home/rauli/project/plorth/parser/test/test_utils.cpp:90: void test_isword(): Assertion `isword(U':')' failed.
<end of output>
Test time =   0.11 sec
----------------------------------------------------------
Test Failed.
"test_utils" end time: May 12 20:23 EEST
"test_utils" time elapsed: 00:00:00
----------------------------------------------------------

11/12 Testing: test_visitor
11/12 Test: test_visitor
Command: "/home/rauli/project/plorth/parser/build/test/test_visitor"
Directory: /home/rauli/project/plorth/parser/build/test
"test_visitor" start time: May 12 20:23 EEST
Output:
----------------------------------------------------------
<end of output>
Test time =   0.00 sec
----------------------------------------------------------
Test Passed.
"test_visitor" end time: May 12 20:23 EEST
"test_visitor" time elapsed: 00:00:00
----------------------------------------------------------

12/12 Testing: test_word
12/12 Test: test_word
Command: "/home/rauli/project/plorth/parser/build/test/test_word"
Directory: /home/rauli/project/plorth/parser/build/test
"test_word" start time: May 12 20:23 EEST
Output:
----------------------------------------------------------
<end of output>
Test time =   0.00 sec
----------------------------------------------------------
Test Passed.
"test_word" end time: May 12 20:23 EEST
"test_word" time elapsed: 00:00:00
----------------------------------------------------------

End testing: May 12 20:23 EEST
